<?xml version="1.0" encoding="UTF-8"?>
<!-- Generated by org.testng.reporters.JUnitReportReporter -->
<testsuite hostname="QINDW143" name="MyRunner.TestRunner" tests="1" failures="0" timestamp="24 Feb 2019 17:19:51 GMT" time="94.350" errors="0">
  <testcase name="feature" time="94.350" classname="MyRunner.TestRunner"/>
</testsuite> <!-- MyRunner.TestRunner -->
